{"/home/artur/Downloads/Re/src/App.tsx": {"path":"/home/artur/Downloads/Re/src/App.tsx","statementMap":{"0":{"start":{"line":5,"column":2},"end":{"line":5,"column":null}}},"fnMap":{"0":{"name":"App","decl":{"start":{"line":4,"column":24},"end":{"line":4,"column":30}},"loc":{"start":{"line":4,"column":30},"end":{"line":5,"column":null}},"line":4}},"branchMap":{},"s":{"0":1},"f":{"0":1},"b":{},"meta":{"lastBranch":0,"lastFunction":1,"lastStatement":1,"seen":{"f:4:24:4:30":0,"s:5:2:5:Infinity":0}}}
,"/home/artur/Downloads/Re/src/components/Canvas.tsx": {"path":"/home/artur/Downloads/Re/src/components/Canvas.tsx","statementMap":{"0":{"start":{"line":11,"column":2},"end":{"line":27,"column":null}},"1":{"start":{"line":18,"column":8},"end":{"line":26,"column":null}}},"fnMap":{"0":{"name":"Canvas","decl":{"start":{"line":10,"column":24},"end":{"line":10,"column":31}},"loc":{"start":{"line":10,"column":70},"end":{"line":27,"column":null}},"line":10},"1":{"name":"(anonymous_1)","decl":{"start":{"line":17,"column":14},"end":{"line":17,"column":19}},"loc":{"start":{"line":18,"column":8},"end":{"line":26,"column":null}},"line":18}},"branchMap":{"0":{"loc":{"start":{"line":13,"column":7},"end":{"line":17,"column":14}},"type":"binary-expr","locations":[{"start":{"line":13,"column":7},"end":{"line":13,"column":null}},{"start":{"line":14,"column":8},"end":{"line":17,"column":14}}],"line":13}},"s":{"0":14,"1":6},"f":{"0":14,"1":6},"b":{"0":[14,9]},"meta":{"lastBranch":1,"lastFunction":2,"lastStatement":2,"seen":{"f:10:24:10:31":0,"s:11:2:27:Infinity":0,"b:13:7:13:Infinity:14:8:17:14":0,"f:17:14:17:19":1,"s:18:8:26:Infinity":1}}}
,"/home/artur/Downloads/Re/src/components/DrawingApp.tsx": {"path":"/home/artur/Downloads/Re/src/components/DrawingApp.tsx","statementMap":{"0":{"start":{"line":9,"column":28},"end":{"line":12,"column":null}},"1":{"start":{"line":15,"column":16},"end":{"line":15,"column":61}},"2":{"start":{"line":16,"column":8},"end":{"line":16,"column":55}},"3":{"start":{"line":17,"column":8},"end":{"line":17,"column":36}},"4":{"start":{"line":19,"column":17},"end":{"line":19,"column":null}},"5":{"start":{"line":21,"column":8},"end":{"line":34,"column":null}},"6":{"start":{"line":22,"column":4},"end":{"line":22,"column":null}},"7":{"start":{"line":22,"column":28},"end":{"line":22,"column":null}},"8":{"start":{"line":24,"column":17},"end":{"line":24,"column":58}},"9":{"start":{"line":26,"column":10},"end":{"line":26,"column":null}},"10":{"start":{"line":27,"column":10},"end":{"line":27,"column":null}},"11":{"start":{"line":29,"column":4},"end":{"line":34,"column":null}},"12":{"start":{"line":37,"column":2},"end":{"line":63,"column":null}},"13":{"start":{"line":45,"column":22},"end":{"line":45,"column":48}},"14":{"start":{"line":46,"column":22},"end":{"line":46,"column":48}}},"fnMap":{"0":{"name":"DrawingApp","decl":{"start":{"line":14,"column":24},"end":{"line":14,"column":37}},"loc":{"start":{"line":14,"column":37},"end":{"line":63,"column":null}},"line":14},"1":{"name":"(anonymous_1)","decl":{"start":{"line":21,"column":8},"end":{"line":21,"column":23}},"loc":{"start":{"line":21,"column":63},"end":{"line":34,"column":null}},"line":21},"2":{"name":"(anonymous_2)","decl":{"start":{"line":45,"column":8},"end":{"line":45,"column":22}},"loc":{"start":{"line":45,"column":22},"end":{"line":45,"column":48}},"line":45},"3":{"name":"(anonymous_3)","decl":{"start":{"line":46,"column":8},"end":{"line":46,"column":22}},"loc":{"start":{"line":46,"column":22},"end":{"line":46,"column":48}},"line":46}},"branchMap":{"0":{"loc":{"start":{"line":22,"column":4},"end":{"line":22,"column":null}},"type":"if","locations":[{"start":{"line":22,"column":4},"end":{"line":22,"column":null}},{"start":{},"end":{}}],"line":22}},"s":{"0":2,"1":10,"2":10,"3":10,"4":10,"5":10,"6":2,"7":0,"8":2,"9":2,"10":2,"11":2,"12":10,"13":1,"14":1},"f":{"0":10,"1":2,"2":1,"3":1},"b":{"0":[0,2]},"meta":{"lastBranch":1,"lastFunction":4,"lastStatement":15,"seen":{"s:9:28:12:Infinity":0,"f:14:24:14:37":0,"s:15:16:15:61":1,"s:16:8:16:55":2,"s:17:8:17:36":3,"s:19:17:19:Infinity":4,"s:21:8:34:Infinity":5,"f:21:8:21:23":1,"b:22:4:22:Infinity:undefined:undefined:undefined:undefined":0,"s:22:4:22:Infinity":6,"s:22:28:22:Infinity":7,"s:24:17:24:58":8,"s:26:10:26:Infinity":9,"s:27:10:27:Infinity":10,"s:29:4:34:Infinity":11,"s:37:2:63:Infinity":12,"f:45:8:45:22":2,"s:45:22:45:48":13,"f:46:8:46:22":3,"s:46:22:46:48":14}}}
,"/home/artur/Downloads/Re/src/components/StatusBar.tsx": {"path":"/home/artur/Downloads/Re/src/components/StatusBar.tsx","statementMap":{"0":{"start":{"line":10,"column":2},"end":{"line":14,"column":null}}},"fnMap":{"0":{"name":"StatusBar","decl":{"start":{"line":9,"column":24},"end":{"line":9,"column":34}},"loc":{"start":{"line":9,"column":70},"end":{"line":14,"column":null}},"line":9}},"branchMap":{},"s":{"0":12},"f":{"0":12},"b":{},"meta":{"lastBranch":0,"lastFunction":1,"lastStatement":1,"seen":{"f:9:24:9:34":0,"s:10:2:14:Infinity":0}}}
,"/home/artur/Downloads/Re/src/components/Toolbar.tsx": {"path":"/home/artur/Downloads/Re/src/components/Toolbar.tsx","statementMap":{"0":{"start":{"line":20,"column":2},"end":{"line":27,"column":null}}},"fnMap":{"0":{"name":"Toolbar","decl":{"start":{"line":12,"column":24},"end":{"line":12,"column":32}},"loc":{"start":{"line":19,"column":10},"end":{"line":27,"column":null}},"line":19}},"branchMap":{},"s":{"0":13},"f":{"0":13},"b":{},"meta":{"lastBranch":0,"lastFunction":1,"lastStatement":1,"seen":{"f:12:24:12:32":0,"s:20:2:27:Infinity":0}}}
,"/home/artur/Downloads/Re/src/components/drawingApp.module.css": {"path":"/home/artur/Downloads/Re/src/components/drawingApp.module.css","statementMap":{},"fnMap":{},"branchMap":{},"s":{},"f":{},"b":{},"meta":{"lastBranch":0,"lastFunction":0,"lastStatement":0,"seen":{}}}
,"/home/artur/Downloads/Re/src/components/Utils/reducer.ts": {"path":"/home/artur/Downloads/Re/src/components/Utils/reducer.ts","statementMap":{"0":{"start":{"line":3,"column":21},"end":{"line":4,"column":null}},"1":{"start":{"line":9,"column":2},"end":{"line":50,"column":null}},"2":{"start":{"line":11,"column":22},"end":{"line":11,"column":null}},"3":{"start":{"line":13,"column":30},"end":{"line":18,"column":null}},"4":{"start":{"line":20,"column":6},"end":{"line":23,"column":null}},"5":{"start":{"line":27,"column":6},"end":{"line":27,"column":null}},"6":{"start":{"line":27,"column":37},"end":{"line":27,"column":null}},"7":{"start":{"line":29,"column":25},"end":{"line":29,"column":51}},"8":{"start":{"line":30,"column":21},"end":{"line":30,"column":null}},"9":{"start":{"line":32,"column":6},"end":{"line":35,"column":null}},"10":{"start":{"line":39,"column":6},"end":{"line":39,"column":null}},"11":{"start":{"line":39,"column":32},"end":{"line":39,"column":null}},"12":{"start":{"line":41,"column":30},"end":{"line":41,"column":null}},"13":{"start":{"line":43,"column":6},"end":{"line":46,"column":null}},"14":{"start":{"line":50,"column":6},"end":{"line":50,"column":null}}},"fnMap":{"0":{"name":"reducer","decl":{"start":{"line":8,"column":16},"end":{"line":8,"column":24}},"loc":{"start":{"line":8,"column":61},"end":{"line":50,"column":null}},"line":8}},"branchMap":{"0":{"loc":{"start":{"line":9,"column":2},"end":{"line":50,"column":null}},"type":"switch","locations":[{"start":{"line":10,"column":4},"end":{"line":23,"column":null}},{"start":{"line":26,"column":4},"end":{"line":35,"column":null}},{"start":{"line":38,"column":4},"end":{"line":46,"column":null}},{"start":{"line":49,"column":4},"end":{"line":50,"column":null}}],"line":9},"1":{"loc":{"start":{"line":27,"column":6},"end":{"line":27,"column":null}},"type":"if","locations":[{"start":{"line":27,"column":6},"end":{"line":27,"column":null}},{"start":{},"end":{}}],"line":27},"2":{"loc":{"start":{"line":39,"column":6},"end":{"line":39,"column":null}},"type":"if","locations":[{"start":{"line":39,"column":6},"end":{"line":39,"column":null}},{"start":{},"end":{}}],"line":39}},"s":{"0":3,"1":23,"2":12,"3":12,"4":12,"5":6,"6":1,"7":5,"8":5,"9":5,"10":4,"11":1,"12":3,"13":3,"14":1},"f":{"0":23},"b":{"0":[12,6,4,1],"1":[1,5],"2":[1,3]},"meta":{"lastBranch":3,"lastFunction":1,"lastStatement":15,"seen":{"s:3:21:4:Infinity":0,"f:8:16:8:24":0,"b:10:4:23:Infinity:26:4:35:Infinity:38:4:46:Infinity:49:4:50:Infinity":0,"s:9:2:50:Infinity":1,"s:11:22:11:Infinity":2,"s:13:30:18:Infinity":3,"s:20:6:23:Infinity":4,"b:27:6:27:Infinity:undefined:undefined:undefined:undefined":1,"s:27:6:27:Infinity":5,"s:27:37:27:Infinity":6,"s:29:25:29:51":7,"s:30:21:30:Infinity":8,"s:32:6:35:Infinity":9,"b:39:6:39:Infinity:undefined:undefined:undefined:undefined":2,"s:39:6:39:Infinity":10,"s:39:32:39:Infinity":11,"s:41:30:41:Infinity":12,"s:43:6:46:Infinity":13,"s:50:6:50:Infinity":14}}}
,"/home/artur/Downloads/Re/src/components/Utils/types.ts": {"path":"/home/artur/Downloads/Re/src/components/Utils/types.ts","statementMap":{},"fnMap":{},"branchMap":{},"s":{},"f":{},"b":{},"meta":{"lastBranch":0,"lastFunction":0,"lastStatement":0,"seen":{}}}
}
